23-06-2021 06:25:45: /wp-admin/ [igk_sys_g_handle_error] - /wp-admin/
severity :1024
message :map_meta_cap est appelée de la mauvaise manière. Le type de publication shop_order n’est pas enregistré. Il n’est donc pas possible de vérifier de manière fiable que la permission « read_post » correspond à ce type de publication. Veuillez lire <a href="https://fr.wordpress.org/support/article/debugging-in-wordpress/">Débogage dans WordPress</a> (en) pour plus d’informations. (Ce message a été ajouté à la version 4.4.0.)
filename :/Volumes/Data/wwwroot/sites/8901.ilyeum_site/src/public/wp-includes/functions.php
line :5313
query_string :

23-06-2021 06:25:45: /wp-admin/ [igk_sys_g_handle_error] - /wp-admin/
severity :1024
message :map_meta_cap est appelée de la mauvaise manière. Le type de publication shop_order n’est pas enregistré. Il n’est donc pas possible de vérifier de manière fiable que la permission « read_post » correspond à ce type de publication. Veuillez lire <a href="https://fr.wordpress.org/support/article/debugging-in-wordpress/">Débogage dans WordPress</a> (en) pour plus d’informations. (Ce message a été ajouté à la version 4.4.0.)
filename :/Volumes/Data/wwwroot/sites/8901.ilyeum_site/src/public/wp-includes/functions.php
line :5313
query_string :

23-06-2021 06:25:45: /wp-admin/ [igk_sys_g_handle_error] - /wp-admin/
severity :1024
message :map_meta_cap est appelée de la mauvaise manière. Le type de publication product n’est pas enregistré. Il n’est donc pas possible de vérifier de manière fiable que la permission « read_post » correspond à ce type de publication. Veuillez lire <a href="https://fr.wordpress.org/support/article/debugging-in-wordpress/">Débogage dans WordPress</a> (en) pour plus d’informations. (Ce message a été ajouté à la version 4.4.0.)
filename :/Volumes/Data/wwwroot/sites/8901.ilyeum_site/src/public/wp-includes/functions.php
line :5313
query_string :

23-06-2021 06:25:45: /wp-admin/ [igk_sys_g_handle_error] - /wp-admin/
severity :1024
message :map_meta_cap est appelée de la mauvaise manière. Le type de publication product n’est pas enregistré. Il n’est donc pas possible de vérifier de manière fiable que la permission « read_post » correspond à ce type de publication. Veuillez lire <a href="https://fr.wordpress.org/support/article/debugging-in-wordpress/">Débogage dans WordPress</a> (en) pour plus d’informations. (Ce message a été ajouté à la version 4.4.0.)
filename :/Volumes/Data/wwwroot/sites/8901.ilyeum_site/src/public/wp-includes/functions.php
line :5313
query_string :

23-06-2021 06:25:45: /wp-admin/ [igk_sys_g_handle_error] - /wp-admin/
severity :1024
message :map_meta_cap est appelée de la mauvaise manière. Le type de publication product n’est pas enregistré. Il n’est donc pas possible de vérifier de manière fiable que la permission « read_post » correspond à ce type de publication. Veuillez lire <a href="https://fr.wordpress.org/support/article/debugging-in-wordpress/">Débogage dans WordPress</a> (en) pour plus d’informations. (Ce message a été ajouté à la version 4.4.0.)
filename :/Volumes/Data/wwwroot/sites/8901.ilyeum_site/src/public/wp-includes/functions.php
line :5313
query_string :

23-06-2021 06:25:45: /wp-admin/ [igk_sys_g_handle_error] - /wp-admin/
severity :1024
message :map_meta_cap est appelée de la mauvaise manière. Le type de publication shop_order n’est pas enregistré. Il n’est donc pas possible de vérifier de manière fiable que la permission « edit_post » correspond à ce type de publication. Veuillez lire <a href="https://fr.wordpress.org/support/article/debugging-in-wordpress/">Débogage dans WordPress</a> (en) pour plus d’informations. (Ce message a été ajouté à la version 4.4.0.)
filename :/Volumes/Data/wwwroot/sites/8901.ilyeum_site/src/public/wp-includes/functions.php
line :5313
query_string :

23-06-2021 06:25:45: /wp-admin/ [igk_sys_g_handle_error] - /wp-admin/
severity :1024
message :map_meta_cap est appelée de la mauvaise manière. Le type de publication shop_order n’est pas enregistré. Il n’est donc pas possible de vérifier de manière fiable que la permission « edit_post » correspond à ce type de publication. Veuillez lire <a href="https://fr.wordpress.org/support/article/debugging-in-wordpress/">Débogage dans WordPress</a> (en) pour plus d’informations. (Ce message a été ajouté à la version 4.4.0.)
filename :/Volumes/Data/wwwroot/sites/8901.ilyeum_site/src/public/wp-includes/functions.php
line :5313
query_string :

23-06-2021 06:25:45: /wp-admin/ [igk_sys_g_handle_error] - /wp-admin/
severity :1024
message :map_meta_cap est appelée de la mauvaise manière. Le type de publication product n’est pas enregistré. Il n’est donc pas possible de vérifier de manière fiable que la permission « edit_post » correspond à ce type de publication. Veuillez lire <a href="https://fr.wordpress.org/support/article/debugging-in-wordpress/">Débogage dans WordPress</a> (en) pour plus d’informations. (Ce message a été ajouté à la version 4.4.0.)
filename :/Volumes/Data/wwwroot/sites/8901.ilyeum_site/src/public/wp-includes/functions.php
line :5313
query_string :

23-06-2021 06:25:45: /wp-admin/ [igk_sys_g_handle_error] - /wp-admin/
severity :1024
message :map_meta_cap est appelée de la mauvaise manière. Le type de publication product n’est pas enregistré. Il n’est donc pas possible de vérifier de manière fiable que la permission « edit_post » correspond à ce type de publication. Veuillez lire <a href="https://fr.wordpress.org/support/article/debugging-in-wordpress/">Débogage dans WordPress</a> (en) pour plus d’informations. (Ce message a été ajouté à la version 4.4.0.)
filename :/Volumes/Data/wwwroot/sites/8901.ilyeum_site/src/public/wp-includes/functions.php
line :5313
query_string :

23-06-2021 06:25:45: /wp-admin/ [igk_sys_g_handle_error] - /wp-admin/
severity :1024
message :map_meta_cap est appelée de la mauvaise manière. Le type de publication product n’est pas enregistré. Il n’est donc pas possible de vérifier de manière fiable que la permission « edit_post » correspond à ce type de publication. Veuillez lire <a href="https://fr.wordpress.org/support/article/debugging-in-wordpress/">Débogage dans WordPress</a> (en) pour plus d’informations. (Ce message a été ajouté à la version 4.4.0.)
filename :/Volumes/Data/wwwroot/sites/8901.ilyeum_site/src/public/wp-includes/functions.php
line :5313
query_string :

23-06-2021 06:41:54: /wp-admin/plugins.php [igk_sys_shutdown_function] - Array(4):[
type:1
message:Uncaught Error: Call to undefined method ILYEUM\ConfigHandler::get() in /Volumes/Data/Dev/companies/ILYEUM/WPPlugins/ILYEUM_WhiteBook/core/WhiteBooks/Pages/Init.php:70
Stack trace:
#0 /Volumes/Data/Dev/companies/ILYEUM/WPPlugins/ILYEUM_WhiteBook/core/WhiteBooks/Pages/Init.php(59): ILYEUM\WhiteBooks\Pages\Init->_init_env()
#1 /Volumes/Data/wwwroot/sites/8901.ilyeum_site/src/public/wp-includes/class-wp-hook.php(292): ILYEUM\WhiteBooks\Pages\Init->ILYEUM\WhiteBooks\Pages\{closure}('plugins.php')
#2 /Volumes/Data/wwwroot/sites/8901.ilyeum_site/src/public/wp-includes/class-wp-hook.php(316): WP_Hook->apply_filters(NULL, Array)
#3 /Volumes/Data/wwwroot/sites/8901.ilyeum_site/src/public/wp-includes/plugin.php(484): WP_Hook->do_action(Array)
#4 /Volumes/Data/wwwroot/sites/8901.ilyeum_site/src/public/wp-admin/admin-header.php(102): do_action('admin_enqueue_s...', 'plugins.php')
#5 /Volumes/Data/wwwroot/sites/8901.ilyeum_site/src/public/wp-admin/plugins.php(603): require_once('/Volumes/Data/w...')
#6 {main}
  thrown
file:/Volumes/Data/Dev/companies/ILYEUM/WPPlugins/ILYEUM_WhiteBook/core/WhiteBooks/Pages/Init.php
line:70
]
23-06-2021 11:26:26: /wp-admin/ [igk_sys_g_handle_error] - /wp-admin/
severity :1024
message :map_meta_cap est appelée de la mauvaise manière. Le type de publication shop_order n’est pas enregistré. Il n’est donc pas possible de vérifier de manière fiable que la permission « read_post » correspond à ce type de publication. Veuillez lire <a href="https://fr.wordpress.org/support/article/debugging-in-wordpress/">Débogage dans WordPress</a> (en) pour plus d’informations. (Ce message a été ajouté à la version 4.4.0.)
filename :/Volumes/Data/wwwroot/sites/8901.ilyeum_site/src/public/wp-includes/functions.php
line :5313
query_string :

23-06-2021 11:26:26: /wp-admin/ [igk_sys_g_handle_error] - /wp-admin/
severity :1024
message :map_meta_cap est appelée de la mauvaise manière. Le type de publication shop_order n’est pas enregistré. Il n’est donc pas possible de vérifier de manière fiable que la permission « read_post » correspond à ce type de publication. Veuillez lire <a href="https://fr.wordpress.org/support/article/debugging-in-wordpress/">Débogage dans WordPress</a> (en) pour plus d’informations. (Ce message a été ajouté à la version 4.4.0.)
filename :/Volumes/Data/wwwroot/sites/8901.ilyeum_site/src/public/wp-includes/functions.php
line :5313
query_string :

23-06-2021 11:26:26: /wp-admin/ [igk_sys_g_handle_error] - /wp-admin/
severity :1024
message :map_meta_cap est appelée de la mauvaise manière. Le type de publication product n’est pas enregistré. Il n’est donc pas possible de vérifier de manière fiable que la permission « read_post » correspond à ce type de publication. Veuillez lire <a href="https://fr.wordpress.org/support/article/debugging-in-wordpress/">Débogage dans WordPress</a> (en) pour plus d’informations. (Ce message a été ajouté à la version 4.4.0.)
filename :/Volumes/Data/wwwroot/sites/8901.ilyeum_site/src/public/wp-includes/functions.php
line :5313
query_string :

23-06-2021 11:26:26: /wp-admin/ [igk_sys_g_handle_error] - /wp-admin/
severity :1024
message :map_meta_cap est appelée de la mauvaise manière. Le type de publication product n’est pas enregistré. Il n’est donc pas possible de vérifier de manière fiable que la permission « read_post » correspond à ce type de publication. Veuillez lire <a href="https://fr.wordpress.org/support/article/debugging-in-wordpress/">Débogage dans WordPress</a> (en) pour plus d’informations. (Ce message a été ajouté à la version 4.4.0.)
filename :/Volumes/Data/wwwroot/sites/8901.ilyeum_site/src/public/wp-includes/functions.php
line :5313
query_string :

23-06-2021 11:26:26: /wp-admin/ [igk_sys_g_handle_error] - /wp-admin/
severity :1024
message :map_meta_cap est appelée de la mauvaise manière. Le type de publication product n’est pas enregistré. Il n’est donc pas possible de vérifier de manière fiable que la permission « read_post » correspond à ce type de publication. Veuillez lire <a href="https://fr.wordpress.org/support/article/debugging-in-wordpress/">Débogage dans WordPress</a> (en) pour plus d’informations. (Ce message a été ajouté à la version 4.4.0.)
filename :/Volumes/Data/wwwroot/sites/8901.ilyeum_site/src/public/wp-includes/functions.php
line :5313
query_string :

23-06-2021 11:26:26: /wp-admin/ [igk_sys_g_handle_error] - /wp-admin/
severity :1024
message :map_meta_cap est appelée de la mauvaise manière. Le type de publication shop_order n’est pas enregistré. Il n’est donc pas possible de vérifier de manière fiable que la permission « edit_post » correspond à ce type de publication. Veuillez lire <a href="https://fr.wordpress.org/support/article/debugging-in-wordpress/">Débogage dans WordPress</a> (en) pour plus d’informations. (Ce message a été ajouté à la version 4.4.0.)
filename :/Volumes/Data/wwwroot/sites/8901.ilyeum_site/src/public/wp-includes/functions.php
line :5313
query_string :

23-06-2021 11:26:26: /wp-admin/ [igk_sys_g_handle_error] - /wp-admin/
severity :1024
message :map_meta_cap est appelée de la mauvaise manière. Le type de publication shop_order n’est pas enregistré. Il n’est donc pas possible de vérifier de manière fiable que la permission « edit_post » correspond à ce type de publication. Veuillez lire <a href="https://fr.wordpress.org/support/article/debugging-in-wordpress/">Débogage dans WordPress</a> (en) pour plus d’informations. (Ce message a été ajouté à la version 4.4.0.)
filename :/Volumes/Data/wwwroot/sites/8901.ilyeum_site/src/public/wp-includes/functions.php
line :5313
query_string :

23-06-2021 11:26:26: /wp-admin/ [igk_sys_g_handle_error] - /wp-admin/
severity :1024
message :map_meta_cap est appelée de la mauvaise manière. Le type de publication product n’est pas enregistré. Il n’est donc pas possible de vérifier de manière fiable que la permission « edit_post » correspond à ce type de publication. Veuillez lire <a href="https://fr.wordpress.org/support/article/debugging-in-wordpress/">Débogage dans WordPress</a> (en) pour plus d’informations. (Ce message a été ajouté à la version 4.4.0.)
filename :/Volumes/Data/wwwroot/sites/8901.ilyeum_site/src/public/wp-includes/functions.php
line :5313
query_string :

23-06-2021 11:26:26: /wp-admin/ [igk_sys_g_handle_error] - /wp-admin/
severity :1024
message :map_meta_cap est appelée de la mauvaise manière. Le type de publication product n’est pas enregistré. Il n’est donc pas possible de vérifier de manière fiable que la permission « edit_post » correspond à ce type de publication. Veuillez lire <a href="https://fr.wordpress.org/support/article/debugging-in-wordpress/">Débogage dans WordPress</a> (en) pour plus d’informations. (Ce message a été ajouté à la version 4.4.0.)
filename :/Volumes/Data/wwwroot/sites/8901.ilyeum_site/src/public/wp-includes/functions.php
line :5313
query_string :

23-06-2021 11:26:26: /wp-admin/ [igk_sys_g_handle_error] - /wp-admin/
severity :1024
message :map_meta_cap est appelée de la mauvaise manière. Le type de publication product n’est pas enregistré. Il n’est donc pas possible de vérifier de manière fiable que la permission « edit_post » correspond à ce type de publication. Veuillez lire <a href="https://fr.wordpress.org/support/article/debugging-in-wordpress/">Débogage dans WordPress</a> (en) pour plus d’informations. (Ce message a été ajouté à la version 4.4.0.)
filename :/Volumes/Data/wwwroot/sites/8901.ilyeum_site/src/public/wp-includes/functions.php
line :5313
query_string :

