22-06-2021 07:56:00: /wp-admin/ [igk_sys_g_handle_error] - /wp-admin/
severity :1024
message :map_meta_cap est appelée de la mauvaise manière. Le type de publication shop_order n’est pas enregistré. Il n’est donc pas possible de vérifier de manière fiable que la permission « read_post » correspond à ce type de publication. Veuillez lire <a href="https://fr.wordpress.org/support/article/debugging-in-wordpress/">Débogage dans WordPress</a> (en) pour plus d’informations. (Ce message a été ajouté à la version 4.4.0.)
filename :/Volumes/Data/wwwroot/sites/8901.ilyeum_site/src/public/wp-includes/functions.php
line :5313
query_string :

22-06-2021 07:56:00: /wp-admin/ [igk_sys_g_handle_error] - /wp-admin/
severity :1024
message :map_meta_cap est appelée de la mauvaise manière. Le type de publication shop_order n’est pas enregistré. Il n’est donc pas possible de vérifier de manière fiable que la permission « read_post » correspond à ce type de publication. Veuillez lire <a href="https://fr.wordpress.org/support/article/debugging-in-wordpress/">Débogage dans WordPress</a> (en) pour plus d’informations. (Ce message a été ajouté à la version 4.4.0.)
filename :/Volumes/Data/wwwroot/sites/8901.ilyeum_site/src/public/wp-includes/functions.php
line :5313
query_string :

22-06-2021 07:56:00: /wp-admin/ [igk_sys_g_handle_error] - /wp-admin/
severity :1024
message :map_meta_cap est appelée de la mauvaise manière. Le type de publication product n’est pas enregistré. Il n’est donc pas possible de vérifier de manière fiable que la permission « read_post » correspond à ce type de publication. Veuillez lire <a href="https://fr.wordpress.org/support/article/debugging-in-wordpress/">Débogage dans WordPress</a> (en) pour plus d’informations. (Ce message a été ajouté à la version 4.4.0.)
filename :/Volumes/Data/wwwroot/sites/8901.ilyeum_site/src/public/wp-includes/functions.php
line :5313
query_string :

22-06-2021 07:56:00: /wp-admin/ [igk_sys_g_handle_error] - /wp-admin/
severity :1024
message :map_meta_cap est appelée de la mauvaise manière. Le type de publication product n’est pas enregistré. Il n’est donc pas possible de vérifier de manière fiable que la permission « read_post » correspond à ce type de publication. Veuillez lire <a href="https://fr.wordpress.org/support/article/debugging-in-wordpress/">Débogage dans WordPress</a> (en) pour plus d’informations. (Ce message a été ajouté à la version 4.4.0.)
filename :/Volumes/Data/wwwroot/sites/8901.ilyeum_site/src/public/wp-includes/functions.php
line :5313
query_string :

22-06-2021 07:56:00: /wp-admin/ [igk_sys_g_handle_error] - /wp-admin/
severity :1024
message :map_meta_cap est appelée de la mauvaise manière. Le type de publication product n’est pas enregistré. Il n’est donc pas possible de vérifier de manière fiable que la permission « read_post » correspond à ce type de publication. Veuillez lire <a href="https://fr.wordpress.org/support/article/debugging-in-wordpress/">Débogage dans WordPress</a> (en) pour plus d’informations. (Ce message a été ajouté à la version 4.4.0.)
filename :/Volumes/Data/wwwroot/sites/8901.ilyeum_site/src/public/wp-includes/functions.php
line :5313
query_string :

22-06-2021 07:56:00: /wp-admin/ [igk_sys_g_handle_error] - /wp-admin/
severity :1024
message :map_meta_cap est appelée de la mauvaise manière. Le type de publication shop_order n’est pas enregistré. Il n’est donc pas possible de vérifier de manière fiable que la permission « edit_post » correspond à ce type de publication. Veuillez lire <a href="https://fr.wordpress.org/support/article/debugging-in-wordpress/">Débogage dans WordPress</a> (en) pour plus d’informations. (Ce message a été ajouté à la version 4.4.0.)
filename :/Volumes/Data/wwwroot/sites/8901.ilyeum_site/src/public/wp-includes/functions.php
line :5313
query_string :

22-06-2021 07:56:00: /wp-admin/ [igk_sys_g_handle_error] - /wp-admin/
severity :1024
message :map_meta_cap est appelée de la mauvaise manière. Le type de publication shop_order n’est pas enregistré. Il n’est donc pas possible de vérifier de manière fiable que la permission « edit_post » correspond à ce type de publication. Veuillez lire <a href="https://fr.wordpress.org/support/article/debugging-in-wordpress/">Débogage dans WordPress</a> (en) pour plus d’informations. (Ce message a été ajouté à la version 4.4.0.)
filename :/Volumes/Data/wwwroot/sites/8901.ilyeum_site/src/public/wp-includes/functions.php
line :5313
query_string :

22-06-2021 07:56:00: /wp-admin/ [igk_sys_g_handle_error] - /wp-admin/
severity :1024
message :map_meta_cap est appelée de la mauvaise manière. Le type de publication product n’est pas enregistré. Il n’est donc pas possible de vérifier de manière fiable que la permission « edit_post » correspond à ce type de publication. Veuillez lire <a href="https://fr.wordpress.org/support/article/debugging-in-wordpress/">Débogage dans WordPress</a> (en) pour plus d’informations. (Ce message a été ajouté à la version 4.4.0.)
filename :/Volumes/Data/wwwroot/sites/8901.ilyeum_site/src/public/wp-includes/functions.php
line :5313
query_string :

22-06-2021 07:56:00: /wp-admin/ [igk_sys_g_handle_error] - /wp-admin/
severity :1024
message :map_meta_cap est appelée de la mauvaise manière. Le type de publication product n’est pas enregistré. Il n’est donc pas possible de vérifier de manière fiable que la permission « edit_post » correspond à ce type de publication. Veuillez lire <a href="https://fr.wordpress.org/support/article/debugging-in-wordpress/">Débogage dans WordPress</a> (en) pour plus d’informations. (Ce message a été ajouté à la version 4.4.0.)
filename :/Volumes/Data/wwwroot/sites/8901.ilyeum_site/src/public/wp-includes/functions.php
line :5313
query_string :

22-06-2021 07:56:00: /wp-admin/ [igk_sys_g_handle_error] - /wp-admin/
severity :1024
message :map_meta_cap est appelée de la mauvaise manière. Le type de publication product n’est pas enregistré. Il n’est donc pas possible de vérifier de manière fiable que la permission « edit_post » correspond à ce type de publication. Veuillez lire <a href="https://fr.wordpress.org/support/article/debugging-in-wordpress/">Débogage dans WordPress</a> (en) pour plus d’informations. (Ce message a été ajouté à la version 4.4.0.)
filename :/Volumes/Data/wwwroot/sites/8901.ilyeum_site/src/public/wp-includes/functions.php
line :5313
query_string :

22-06-2021 08:37:12: /wp-admin/ [igk_sys_g_handle_error] - /wp-admin/
severity :1024
message :map_meta_cap est appelée de la mauvaise manière. Le type de publication shop_order n’est pas enregistré. Il n’est donc pas possible de vérifier de manière fiable que la permission « read_post » correspond à ce type de publication. Veuillez lire <a href="https://fr.wordpress.org/support/article/debugging-in-wordpress/">Débogage dans WordPress</a> (en) pour plus d’informations. (Ce message a été ajouté à la version 4.4.0.)
filename :/Volumes/Data/wwwroot/sites/8901.ilyeum_site/src/public/wp-includes/functions.php
line :5313
query_string :

22-06-2021 08:37:12: /wp-admin/ [igk_sys_g_handle_error] - /wp-admin/
severity :1024
message :map_meta_cap est appelée de la mauvaise manière. Le type de publication shop_order n’est pas enregistré. Il n’est donc pas possible de vérifier de manière fiable que la permission « read_post » correspond à ce type de publication. Veuillez lire <a href="https://fr.wordpress.org/support/article/debugging-in-wordpress/">Débogage dans WordPress</a> (en) pour plus d’informations. (Ce message a été ajouté à la version 4.4.0.)
filename :/Volumes/Data/wwwroot/sites/8901.ilyeum_site/src/public/wp-includes/functions.php
line :5313
query_string :

22-06-2021 08:37:12: /wp-admin/ [igk_sys_g_handle_error] - /wp-admin/
severity :1024
message :map_meta_cap est appelée de la mauvaise manière. Le type de publication product n’est pas enregistré. Il n’est donc pas possible de vérifier de manière fiable que la permission « read_post » correspond à ce type de publication. Veuillez lire <a href="https://fr.wordpress.org/support/article/debugging-in-wordpress/">Débogage dans WordPress</a> (en) pour plus d’informations. (Ce message a été ajouté à la version 4.4.0.)
filename :/Volumes/Data/wwwroot/sites/8901.ilyeum_site/src/public/wp-includes/functions.php
line :5313
query_string :

22-06-2021 08:37:12: /wp-admin/ [igk_sys_g_handle_error] - /wp-admin/
severity :1024
message :map_meta_cap est appelée de la mauvaise manière. Le type de publication product n’est pas enregistré. Il n’est donc pas possible de vérifier de manière fiable que la permission « read_post » correspond à ce type de publication. Veuillez lire <a href="https://fr.wordpress.org/support/article/debugging-in-wordpress/">Débogage dans WordPress</a> (en) pour plus d’informations. (Ce message a été ajouté à la version 4.4.0.)
filename :/Volumes/Data/wwwroot/sites/8901.ilyeum_site/src/public/wp-includes/functions.php
line :5313
query_string :

22-06-2021 08:37:12: /wp-admin/ [igk_sys_g_handle_error] - /wp-admin/
severity :1024
message :map_meta_cap est appelée de la mauvaise manière. Le type de publication product n’est pas enregistré. Il n’est donc pas possible de vérifier de manière fiable que la permission « read_post » correspond à ce type de publication. Veuillez lire <a href="https://fr.wordpress.org/support/article/debugging-in-wordpress/">Débogage dans WordPress</a> (en) pour plus d’informations. (Ce message a été ajouté à la version 4.4.0.)
filename :/Volumes/Data/wwwroot/sites/8901.ilyeum_site/src/public/wp-includes/functions.php
line :5313
query_string :

22-06-2021 08:37:12: /wp-admin/ [igk_sys_g_handle_error] - /wp-admin/
severity :1024
message :map_meta_cap est appelée de la mauvaise manière. Le type de publication shop_order n’est pas enregistré. Il n’est donc pas possible de vérifier de manière fiable que la permission « edit_post » correspond à ce type de publication. Veuillez lire <a href="https://fr.wordpress.org/support/article/debugging-in-wordpress/">Débogage dans WordPress</a> (en) pour plus d’informations. (Ce message a été ajouté à la version 4.4.0.)
filename :/Volumes/Data/wwwroot/sites/8901.ilyeum_site/src/public/wp-includes/functions.php
line :5313
query_string :

22-06-2021 08:37:12: /wp-admin/ [igk_sys_g_handle_error] - /wp-admin/
severity :1024
message :map_meta_cap est appelée de la mauvaise manière. Le type de publication shop_order n’est pas enregistré. Il n’est donc pas possible de vérifier de manière fiable que la permission « edit_post » correspond à ce type de publication. Veuillez lire <a href="https://fr.wordpress.org/support/article/debugging-in-wordpress/">Débogage dans WordPress</a> (en) pour plus d’informations. (Ce message a été ajouté à la version 4.4.0.)
filename :/Volumes/Data/wwwroot/sites/8901.ilyeum_site/src/public/wp-includes/functions.php
line :5313
query_string :

22-06-2021 08:37:12: /wp-admin/ [igk_sys_g_handle_error] - /wp-admin/
severity :1024
message :map_meta_cap est appelée de la mauvaise manière. Le type de publication product n’est pas enregistré. Il n’est donc pas possible de vérifier de manière fiable que la permission « edit_post » correspond à ce type de publication. Veuillez lire <a href="https://fr.wordpress.org/support/article/debugging-in-wordpress/">Débogage dans WordPress</a> (en) pour plus d’informations. (Ce message a été ajouté à la version 4.4.0.)
filename :/Volumes/Data/wwwroot/sites/8901.ilyeum_site/src/public/wp-includes/functions.php
line :5313
query_string :

22-06-2021 08:37:12: /wp-admin/ [igk_sys_g_handle_error] - /wp-admin/
severity :1024
message :map_meta_cap est appelée de la mauvaise manière. Le type de publication product n’est pas enregistré. Il n’est donc pas possible de vérifier de manière fiable que la permission « edit_post » correspond à ce type de publication. Veuillez lire <a href="https://fr.wordpress.org/support/article/debugging-in-wordpress/">Débogage dans WordPress</a> (en) pour plus d’informations. (Ce message a été ajouté à la version 4.4.0.)
filename :/Volumes/Data/wwwroot/sites/8901.ilyeum_site/src/public/wp-includes/functions.php
line :5313
query_string :

22-06-2021 08:37:12: /wp-admin/ [igk_sys_g_handle_error] - /wp-admin/
severity :1024
message :map_meta_cap est appelée de la mauvaise manière. Le type de publication product n’est pas enregistré. Il n’est donc pas possible de vérifier de manière fiable que la permission « edit_post » correspond à ce type de publication. Veuillez lire <a href="https://fr.wordpress.org/support/article/debugging-in-wordpress/">Débogage dans WordPress</a> (en) pour plus d’informations. (Ce message a été ajouté à la version 4.4.0.)
filename :/Volumes/Data/wwwroot/sites/8901.ilyeum_site/src/public/wp-includes/functions.php
line :5313
query_string :

22-06-2021 12:38:05: /wp-admin/ [igk_sys_g_handle_error] - /wp-admin/
severity :1024
message :map_meta_cap est appelée de la mauvaise manière. Le type de publication shop_order n’est pas enregistré. Il n’est donc pas possible de vérifier de manière fiable que la permission « read_post » correspond à ce type de publication. Veuillez lire <a href="https://fr.wordpress.org/support/article/debugging-in-wordpress/">Débogage dans WordPress</a> (en) pour plus d’informations. (Ce message a été ajouté à la version 4.4.0.)
filename :/Volumes/Data/wwwroot/sites/8901.ilyeum_site/src/public/wp-includes/functions.php
line :5313
query_string :

22-06-2021 12:38:05: /wp-admin/ [igk_sys_g_handle_error] - /wp-admin/
severity :1024
message :map_meta_cap est appelée de la mauvaise manière. Le type de publication shop_order n’est pas enregistré. Il n’est donc pas possible de vérifier de manière fiable que la permission « read_post » correspond à ce type de publication. Veuillez lire <a href="https://fr.wordpress.org/support/article/debugging-in-wordpress/">Débogage dans WordPress</a> (en) pour plus d’informations. (Ce message a été ajouté à la version 4.4.0.)
filename :/Volumes/Data/wwwroot/sites/8901.ilyeum_site/src/public/wp-includes/functions.php
line :5313
query_string :

22-06-2021 12:38:05: /wp-admin/ [igk_sys_g_handle_error] - /wp-admin/
severity :1024
message :map_meta_cap est appelée de la mauvaise manière. Le type de publication product n’est pas enregistré. Il n’est donc pas possible de vérifier de manière fiable que la permission « read_post » correspond à ce type de publication. Veuillez lire <a href="https://fr.wordpress.org/support/article/debugging-in-wordpress/">Débogage dans WordPress</a> (en) pour plus d’informations. (Ce message a été ajouté à la version 4.4.0.)
filename :/Volumes/Data/wwwroot/sites/8901.ilyeum_site/src/public/wp-includes/functions.php
line :5313
query_string :

22-06-2021 12:38:05: /wp-admin/ [igk_sys_g_handle_error] - /wp-admin/
severity :1024
message :map_meta_cap est appelée de la mauvaise manière. Le type de publication product n’est pas enregistré. Il n’est donc pas possible de vérifier de manière fiable que la permission « read_post » correspond à ce type de publication. Veuillez lire <a href="https://fr.wordpress.org/support/article/debugging-in-wordpress/">Débogage dans WordPress</a> (en) pour plus d’informations. (Ce message a été ajouté à la version 4.4.0.)
filename :/Volumes/Data/wwwroot/sites/8901.ilyeum_site/src/public/wp-includes/functions.php
line :5313
query_string :

22-06-2021 12:38:05: /wp-admin/ [igk_sys_g_handle_error] - /wp-admin/
severity :1024
message :map_meta_cap est appelée de la mauvaise manière. Le type de publication product n’est pas enregistré. Il n’est donc pas possible de vérifier de manière fiable que la permission « read_post » correspond à ce type de publication. Veuillez lire <a href="https://fr.wordpress.org/support/article/debugging-in-wordpress/">Débogage dans WordPress</a> (en) pour plus d’informations. (Ce message a été ajouté à la version 4.4.0.)
filename :/Volumes/Data/wwwroot/sites/8901.ilyeum_site/src/public/wp-includes/functions.php
line :5313
query_string :

22-06-2021 12:38:05: /wp-admin/ [igk_sys_g_handle_error] - /wp-admin/
severity :1024
message :map_meta_cap est appelée de la mauvaise manière. Le type de publication shop_order n’est pas enregistré. Il n’est donc pas possible de vérifier de manière fiable que la permission « edit_post » correspond à ce type de publication. Veuillez lire <a href="https://fr.wordpress.org/support/article/debugging-in-wordpress/">Débogage dans WordPress</a> (en) pour plus d’informations. (Ce message a été ajouté à la version 4.4.0.)
filename :/Volumes/Data/wwwroot/sites/8901.ilyeum_site/src/public/wp-includes/functions.php
line :5313
query_string :

22-06-2021 12:38:05: /wp-admin/ [igk_sys_g_handle_error] - /wp-admin/
severity :1024
message :map_meta_cap est appelée de la mauvaise manière. Le type de publication shop_order n’est pas enregistré. Il n’est donc pas possible de vérifier de manière fiable que la permission « edit_post » correspond à ce type de publication. Veuillez lire <a href="https://fr.wordpress.org/support/article/debugging-in-wordpress/">Débogage dans WordPress</a> (en) pour plus d’informations. (Ce message a été ajouté à la version 4.4.0.)
filename :/Volumes/Data/wwwroot/sites/8901.ilyeum_site/src/public/wp-includes/functions.php
line :5313
query_string :

22-06-2021 12:38:05: /wp-admin/ [igk_sys_g_handle_error] - /wp-admin/
severity :1024
message :map_meta_cap est appelée de la mauvaise manière. Le type de publication product n’est pas enregistré. Il n’est donc pas possible de vérifier de manière fiable que la permission « edit_post » correspond à ce type de publication. Veuillez lire <a href="https://fr.wordpress.org/support/article/debugging-in-wordpress/">Débogage dans WordPress</a> (en) pour plus d’informations. (Ce message a été ajouté à la version 4.4.0.)
filename :/Volumes/Data/wwwroot/sites/8901.ilyeum_site/src/public/wp-includes/functions.php
line :5313
query_string :

22-06-2021 12:38:05: /wp-admin/ [igk_sys_g_handle_error] - /wp-admin/
severity :1024
message :map_meta_cap est appelée de la mauvaise manière. Le type de publication product n’est pas enregistré. Il n’est donc pas possible de vérifier de manière fiable que la permission « edit_post » correspond à ce type de publication. Veuillez lire <a href="https://fr.wordpress.org/support/article/debugging-in-wordpress/">Débogage dans WordPress</a> (en) pour plus d’informations. (Ce message a été ajouté à la version 4.4.0.)
filename :/Volumes/Data/wwwroot/sites/8901.ilyeum_site/src/public/wp-includes/functions.php
line :5313
query_string :

22-06-2021 12:38:05: /wp-admin/ [igk_sys_g_handle_error] - /wp-admin/
severity :1024
message :map_meta_cap est appelée de la mauvaise manière. Le type de publication product n’est pas enregistré. Il n’est donc pas possible de vérifier de manière fiable que la permission « edit_post » correspond à ce type de publication. Veuillez lire <a href="https://fr.wordpress.org/support/article/debugging-in-wordpress/">Débogage dans WordPress</a> (en) pour plus d’informations. (Ce message a été ajouté à la version 4.4.0.)
filename :/Volumes/Data/wwwroot/sites/8901.ilyeum_site/src/public/wp-includes/functions.php
line :5313
query_string :

22-06-2021 12:40:28: /wp-admin/ [igk_sys_g_handle_error] - /wp-admin/
severity :1024
message :map_meta_cap est appelée de la mauvaise manière. Le type de publication shop_order n’est pas enregistré. Il n’est donc pas possible de vérifier de manière fiable que la permission « read_post » correspond à ce type de publication. Veuillez lire <a href="https://fr.wordpress.org/support/article/debugging-in-wordpress/">Débogage dans WordPress</a> (en) pour plus d’informations. (Ce message a été ajouté à la version 4.4.0.)
filename :/Volumes/Data/wwwroot/sites/8901.ilyeum_site/src/public/wp-includes/functions.php
line :5313
query_string :

22-06-2021 12:40:28: /wp-admin/ [igk_sys_g_handle_error] - /wp-admin/
severity :1024
message :map_meta_cap est appelée de la mauvaise manière. Le type de publication shop_order n’est pas enregistré. Il n’est donc pas possible de vérifier de manière fiable que la permission « read_post » correspond à ce type de publication. Veuillez lire <a href="https://fr.wordpress.org/support/article/debugging-in-wordpress/">Débogage dans WordPress</a> (en) pour plus d’informations. (Ce message a été ajouté à la version 4.4.0.)
filename :/Volumes/Data/wwwroot/sites/8901.ilyeum_site/src/public/wp-includes/functions.php
line :5313
query_string :

22-06-2021 12:40:28: /wp-admin/ [igk_sys_g_handle_error] - /wp-admin/
severity :1024
message :map_meta_cap est appelée de la mauvaise manière. Le type de publication product n’est pas enregistré. Il n’est donc pas possible de vérifier de manière fiable que la permission « read_post » correspond à ce type de publication. Veuillez lire <a href="https://fr.wordpress.org/support/article/debugging-in-wordpress/">Débogage dans WordPress</a> (en) pour plus d’informations. (Ce message a été ajouté à la version 4.4.0.)
filename :/Volumes/Data/wwwroot/sites/8901.ilyeum_site/src/public/wp-includes/functions.php
line :5313
query_string :

22-06-2021 12:40:28: /wp-admin/ [igk_sys_g_handle_error] - /wp-admin/
severity :1024
message :map_meta_cap est appelée de la mauvaise manière. Le type de publication product n’est pas enregistré. Il n’est donc pas possible de vérifier de manière fiable que la permission « read_post » correspond à ce type de publication. Veuillez lire <a href="https://fr.wordpress.org/support/article/debugging-in-wordpress/">Débogage dans WordPress</a> (en) pour plus d’informations. (Ce message a été ajouté à la version 4.4.0.)
filename :/Volumes/Data/wwwroot/sites/8901.ilyeum_site/src/public/wp-includes/functions.php
line :5313
query_string :

22-06-2021 12:40:28: /wp-admin/ [igk_sys_g_handle_error] - /wp-admin/
severity :1024
message :map_meta_cap est appelée de la mauvaise manière. Le type de publication product n’est pas enregistré. Il n’est donc pas possible de vérifier de manière fiable que la permission « read_post » correspond à ce type de publication. Veuillez lire <a href="https://fr.wordpress.org/support/article/debugging-in-wordpress/">Débogage dans WordPress</a> (en) pour plus d’informations. (Ce message a été ajouté à la version 4.4.0.)
filename :/Volumes/Data/wwwroot/sites/8901.ilyeum_site/src/public/wp-includes/functions.php
line :5313
query_string :

22-06-2021 12:40:28: /wp-admin/ [igk_sys_g_handle_error] - /wp-admin/
severity :1024
message :map_meta_cap est appelée de la mauvaise manière. Le type de publication shop_order n’est pas enregistré. Il n’est donc pas possible de vérifier de manière fiable que la permission « edit_post » correspond à ce type de publication. Veuillez lire <a href="https://fr.wordpress.org/support/article/debugging-in-wordpress/">Débogage dans WordPress</a> (en) pour plus d’informations. (Ce message a été ajouté à la version 4.4.0.)
filename :/Volumes/Data/wwwroot/sites/8901.ilyeum_site/src/public/wp-includes/functions.php
line :5313
query_string :

22-06-2021 12:40:28: /wp-admin/ [igk_sys_g_handle_error] - /wp-admin/
severity :1024
message :map_meta_cap est appelée de la mauvaise manière. Le type de publication shop_order n’est pas enregistré. Il n’est donc pas possible de vérifier de manière fiable que la permission « edit_post » correspond à ce type de publication. Veuillez lire <a href="https://fr.wordpress.org/support/article/debugging-in-wordpress/">Débogage dans WordPress</a> (en) pour plus d’informations. (Ce message a été ajouté à la version 4.4.0.)
filename :/Volumes/Data/wwwroot/sites/8901.ilyeum_site/src/public/wp-includes/functions.php
line :5313
query_string :

22-06-2021 12:40:28: /wp-admin/ [igk_sys_g_handle_error] - /wp-admin/
severity :1024
message :map_meta_cap est appelée de la mauvaise manière. Le type de publication product n’est pas enregistré. Il n’est donc pas possible de vérifier de manière fiable que la permission « edit_post » correspond à ce type de publication. Veuillez lire <a href="https://fr.wordpress.org/support/article/debugging-in-wordpress/">Débogage dans WordPress</a> (en) pour plus d’informations. (Ce message a été ajouté à la version 4.4.0.)
filename :/Volumes/Data/wwwroot/sites/8901.ilyeum_site/src/public/wp-includes/functions.php
line :5313
query_string :

22-06-2021 12:40:28: /wp-admin/ [igk_sys_g_handle_error] - /wp-admin/
severity :1024
message :map_meta_cap est appelée de la mauvaise manière. Le type de publication product n’est pas enregistré. Il n’est donc pas possible de vérifier de manière fiable que la permission « edit_post » correspond à ce type de publication. Veuillez lire <a href="https://fr.wordpress.org/support/article/debugging-in-wordpress/">Débogage dans WordPress</a> (en) pour plus d’informations. (Ce message a été ajouté à la version 4.4.0.)
filename :/Volumes/Data/wwwroot/sites/8901.ilyeum_site/src/public/wp-includes/functions.php
line :5313
query_string :

22-06-2021 12:40:28: /wp-admin/ [igk_sys_g_handle_error] - /wp-admin/
severity :1024
message :map_meta_cap est appelée de la mauvaise manière. Le type de publication product n’est pas enregistré. Il n’est donc pas possible de vérifier de manière fiable que la permission « edit_post » correspond à ce type de publication. Veuillez lire <a href="https://fr.wordpress.org/support/article/debugging-in-wordpress/">Débogage dans WordPress</a> (en) pour plus d’informations. (Ce message a été ajouté à la version 4.4.0.)
filename :/Volumes/Data/wwwroot/sites/8901.ilyeum_site/src/public/wp-includes/functions.php
line :5313
query_string :

22-06-2021 13:28:25: /wp-admin/ [igk_sys_g_handle_error] - /wp-admin/
severity :1024
message :map_meta_cap est appelée de la mauvaise manière. Le type de publication shop_order n’est pas enregistré. Il n’est donc pas possible de vérifier de manière fiable que la permission « read_post » correspond à ce type de publication. Veuillez lire <a href="https://fr.wordpress.org/support/article/debugging-in-wordpress/">Débogage dans WordPress</a> (en) pour plus d’informations. (Ce message a été ajouté à la version 4.4.0.)
filename :/Volumes/Data/wwwroot/sites/8901.ilyeum_site/src/public/wp-includes/functions.php
line :5313
query_string :

22-06-2021 13:28:25: /wp-admin/ [igk_sys_g_handle_error] - /wp-admin/
severity :1024
message :map_meta_cap est appelée de la mauvaise manière. Le type de publication shop_order n’est pas enregistré. Il n’est donc pas possible de vérifier de manière fiable que la permission « read_post » correspond à ce type de publication. Veuillez lire <a href="https://fr.wordpress.org/support/article/debugging-in-wordpress/">Débogage dans WordPress</a> (en) pour plus d’informations. (Ce message a été ajouté à la version 4.4.0.)
filename :/Volumes/Data/wwwroot/sites/8901.ilyeum_site/src/public/wp-includes/functions.php
line :5313
query_string :

22-06-2021 13:28:25: /wp-admin/ [igk_sys_g_handle_error] - /wp-admin/
severity :1024
message :map_meta_cap est appelée de la mauvaise manière. Le type de publication product n’est pas enregistré. Il n’est donc pas possible de vérifier de manière fiable que la permission « read_post » correspond à ce type de publication. Veuillez lire <a href="https://fr.wordpress.org/support/article/debugging-in-wordpress/">Débogage dans WordPress</a> (en) pour plus d’informations. (Ce message a été ajouté à la version 4.4.0.)
filename :/Volumes/Data/wwwroot/sites/8901.ilyeum_site/src/public/wp-includes/functions.php
line :5313
query_string :

22-06-2021 13:28:25: /wp-admin/ [igk_sys_g_handle_error] - /wp-admin/
severity :1024
message :map_meta_cap est appelée de la mauvaise manière. Le type de publication product n’est pas enregistré. Il n’est donc pas possible de vérifier de manière fiable que la permission « read_post » correspond à ce type de publication. Veuillez lire <a href="https://fr.wordpress.org/support/article/debugging-in-wordpress/">Débogage dans WordPress</a> (en) pour plus d’informations. (Ce message a été ajouté à la version 4.4.0.)
filename :/Volumes/Data/wwwroot/sites/8901.ilyeum_site/src/public/wp-includes/functions.php
line :5313
query_string :

22-06-2021 13:28:25: /wp-admin/ [igk_sys_g_handle_error] - /wp-admin/
severity :1024
message :map_meta_cap est appelée de la mauvaise manière. Le type de publication product n’est pas enregistré. Il n’est donc pas possible de vérifier de manière fiable que la permission « read_post » correspond à ce type de publication. Veuillez lire <a href="https://fr.wordpress.org/support/article/debugging-in-wordpress/">Débogage dans WordPress</a> (en) pour plus d’informations. (Ce message a été ajouté à la version 4.4.0.)
filename :/Volumes/Data/wwwroot/sites/8901.ilyeum_site/src/public/wp-includes/functions.php
line :5313
query_string :

22-06-2021 13:28:25: /wp-admin/ [igk_sys_g_handle_error] - /wp-admin/
severity :1024
message :map_meta_cap est appelée de la mauvaise manière. Le type de publication shop_order n’est pas enregistré. Il n’est donc pas possible de vérifier de manière fiable que la permission « edit_post » correspond à ce type de publication. Veuillez lire <a href="https://fr.wordpress.org/support/article/debugging-in-wordpress/">Débogage dans WordPress</a> (en) pour plus d’informations. (Ce message a été ajouté à la version 4.4.0.)
filename :/Volumes/Data/wwwroot/sites/8901.ilyeum_site/src/public/wp-includes/functions.php
line :5313
query_string :

22-06-2021 13:28:25: /wp-admin/ [igk_sys_g_handle_error] - /wp-admin/
severity :1024
message :map_meta_cap est appelée de la mauvaise manière. Le type de publication shop_order n’est pas enregistré. Il n’est donc pas possible de vérifier de manière fiable que la permission « edit_post » correspond à ce type de publication. Veuillez lire <a href="https://fr.wordpress.org/support/article/debugging-in-wordpress/">Débogage dans WordPress</a> (en) pour plus d’informations. (Ce message a été ajouté à la version 4.4.0.)
filename :/Volumes/Data/wwwroot/sites/8901.ilyeum_site/src/public/wp-includes/functions.php
line :5313
query_string :

22-06-2021 13:28:25: /wp-admin/ [igk_sys_g_handle_error] - /wp-admin/
severity :1024
message :map_meta_cap est appelée de la mauvaise manière. Le type de publication product n’est pas enregistré. Il n’est donc pas possible de vérifier de manière fiable que la permission « edit_post » correspond à ce type de publication. Veuillez lire <a href="https://fr.wordpress.org/support/article/debugging-in-wordpress/">Débogage dans WordPress</a> (en) pour plus d’informations. (Ce message a été ajouté à la version 4.4.0.)
filename :/Volumes/Data/wwwroot/sites/8901.ilyeum_site/src/public/wp-includes/functions.php
line :5313
query_string :

22-06-2021 13:28:25: /wp-admin/ [igk_sys_g_handle_error] - /wp-admin/
severity :1024
message :map_meta_cap est appelée de la mauvaise manière. Le type de publication product n’est pas enregistré. Il n’est donc pas possible de vérifier de manière fiable que la permission « edit_post » correspond à ce type de publication. Veuillez lire <a href="https://fr.wordpress.org/support/article/debugging-in-wordpress/">Débogage dans WordPress</a> (en) pour plus d’informations. (Ce message a été ajouté à la version 4.4.0.)
filename :/Volumes/Data/wwwroot/sites/8901.ilyeum_site/src/public/wp-includes/functions.php
line :5313
query_string :

22-06-2021 13:28:25: /wp-admin/ [igk_sys_g_handle_error] - /wp-admin/
severity :1024
message :map_meta_cap est appelée de la mauvaise manière. Le type de publication product n’est pas enregistré. Il n’est donc pas possible de vérifier de manière fiable que la permission « edit_post » correspond à ce type de publication. Veuillez lire <a href="https://fr.wordpress.org/support/article/debugging-in-wordpress/">Débogage dans WordPress</a> (en) pour plus d’informations. (Ce message a été ajouté à la version 4.4.0.)
filename :/Volumes/Data/wwwroot/sites/8901.ilyeum_site/src/public/wp-includes/functions.php
line :5313
query_string :

22-06-2021 13:28:41: /wp-admin/ [igk_sys_g_handle_error] - /wp-admin/
severity :1024
message :map_meta_cap est appelée de la mauvaise manière. Le type de publication shop_order n’est pas enregistré. Il n’est donc pas possible de vérifier de manière fiable que la permission « read_post » correspond à ce type de publication. Veuillez lire <a href="https://fr.wordpress.org/support/article/debugging-in-wordpress/">Débogage dans WordPress</a> (en) pour plus d’informations. (Ce message a été ajouté à la version 4.4.0.)
filename :/Volumes/Data/wwwroot/sites/8901.ilyeum_site/src/public/wp-includes/functions.php
line :5313
query_string :

22-06-2021 13:28:41: /wp-admin/ [igk_sys_g_handle_error] - /wp-admin/
severity :1024
message :map_meta_cap est appelée de la mauvaise manière. Le type de publication shop_order n’est pas enregistré. Il n’est donc pas possible de vérifier de manière fiable que la permission « read_post » correspond à ce type de publication. Veuillez lire <a href="https://fr.wordpress.org/support/article/debugging-in-wordpress/">Débogage dans WordPress</a> (en) pour plus d’informations. (Ce message a été ajouté à la version 4.4.0.)
filename :/Volumes/Data/wwwroot/sites/8901.ilyeum_site/src/public/wp-includes/functions.php
line :5313
query_string :

22-06-2021 13:28:41: /wp-admin/ [igk_sys_g_handle_error] - /wp-admin/
severity :1024
message :map_meta_cap est appelée de la mauvaise manière. Le type de publication product n’est pas enregistré. Il n’est donc pas possible de vérifier de manière fiable que la permission « read_post » correspond à ce type de publication. Veuillez lire <a href="https://fr.wordpress.org/support/article/debugging-in-wordpress/">Débogage dans WordPress</a> (en) pour plus d’informations. (Ce message a été ajouté à la version 4.4.0.)
filename :/Volumes/Data/wwwroot/sites/8901.ilyeum_site/src/public/wp-includes/functions.php
line :5313
query_string :

22-06-2021 13:28:41: /wp-admin/ [igk_sys_g_handle_error] - /wp-admin/
severity :1024
message :map_meta_cap est appelée de la mauvaise manière. Le type de publication product n’est pas enregistré. Il n’est donc pas possible de vérifier de manière fiable que la permission « read_post » correspond à ce type de publication. Veuillez lire <a href="https://fr.wordpress.org/support/article/debugging-in-wordpress/">Débogage dans WordPress</a> (en) pour plus d’informations. (Ce message a été ajouté à la version 4.4.0.)
filename :/Volumes/Data/wwwroot/sites/8901.ilyeum_site/src/public/wp-includes/functions.php
line :5313
query_string :

22-06-2021 13:28:41: /wp-admin/ [igk_sys_g_handle_error] - /wp-admin/
severity :1024
message :map_meta_cap est appelée de la mauvaise manière. Le type de publication product n’est pas enregistré. Il n’est donc pas possible de vérifier de manière fiable que la permission « read_post » correspond à ce type de publication. Veuillez lire <a href="https://fr.wordpress.org/support/article/debugging-in-wordpress/">Débogage dans WordPress</a> (en) pour plus d’informations. (Ce message a été ajouté à la version 4.4.0.)
filename :/Volumes/Data/wwwroot/sites/8901.ilyeum_site/src/public/wp-includes/functions.php
line :5313
query_string :

22-06-2021 13:28:41: /wp-admin/ [igk_sys_g_handle_error] - /wp-admin/
severity :1024
message :map_meta_cap est appelée de la mauvaise manière. Le type de publication shop_order n’est pas enregistré. Il n’est donc pas possible de vérifier de manière fiable que la permission « edit_post » correspond à ce type de publication. Veuillez lire <a href="https://fr.wordpress.org/support/article/debugging-in-wordpress/">Débogage dans WordPress</a> (en) pour plus d’informations. (Ce message a été ajouté à la version 4.4.0.)
filename :/Volumes/Data/wwwroot/sites/8901.ilyeum_site/src/public/wp-includes/functions.php
line :5313
query_string :

22-06-2021 13:28:41: /wp-admin/ [igk_sys_g_handle_error] - /wp-admin/
severity :1024
message :map_meta_cap est appelée de la mauvaise manière. Le type de publication shop_order n’est pas enregistré. Il n’est donc pas possible de vérifier de manière fiable que la permission « edit_post » correspond à ce type de publication. Veuillez lire <a href="https://fr.wordpress.org/support/article/debugging-in-wordpress/">Débogage dans WordPress</a> (en) pour plus d’informations. (Ce message a été ajouté à la version 4.4.0.)
filename :/Volumes/Data/wwwroot/sites/8901.ilyeum_site/src/public/wp-includes/functions.php
line :5313
query_string :

22-06-2021 13:28:41: /wp-admin/ [igk_sys_g_handle_error] - /wp-admin/
severity :1024
message :map_meta_cap est appelée de la mauvaise manière. Le type de publication product n’est pas enregistré. Il n’est donc pas possible de vérifier de manière fiable que la permission « edit_post » correspond à ce type de publication. Veuillez lire <a href="https://fr.wordpress.org/support/article/debugging-in-wordpress/">Débogage dans WordPress</a> (en) pour plus d’informations. (Ce message a été ajouté à la version 4.4.0.)
filename :/Volumes/Data/wwwroot/sites/8901.ilyeum_site/src/public/wp-includes/functions.php
line :5313
query_string :

22-06-2021 13:28:41: /wp-admin/ [igk_sys_g_handle_error] - /wp-admin/
severity :1024
message :map_meta_cap est appelée de la mauvaise manière. Le type de publication product n’est pas enregistré. Il n’est donc pas possible de vérifier de manière fiable que la permission « edit_post » correspond à ce type de publication. Veuillez lire <a href="https://fr.wordpress.org/support/article/debugging-in-wordpress/">Débogage dans WordPress</a> (en) pour plus d’informations. (Ce message a été ajouté à la version 4.4.0.)
filename :/Volumes/Data/wwwroot/sites/8901.ilyeum_site/src/public/wp-includes/functions.php
line :5313
query_string :

22-06-2021 13:28:41: /wp-admin/ [igk_sys_g_handle_error] - /wp-admin/
severity :1024
message :map_meta_cap est appelée de la mauvaise manière. Le type de publication product n’est pas enregistré. Il n’est donc pas possible de vérifier de manière fiable que la permission « edit_post » correspond à ce type de publication. Veuillez lire <a href="https://fr.wordpress.org/support/article/debugging-in-wordpress/">Débogage dans WordPress</a> (en) pour plus d’informations. (Ce message a été ajouté à la version 4.4.0.)
filename :/Volumes/Data/wwwroot/sites/8901.ilyeum_site/src/public/wp-includes/functions.php
line :5313
query_string :

22-06-2021 13:35:39: /wp-admin/admin.php?page=ilm:/white_book&action=edit_book [igk_sys_g_handle_error] - /wp-admin/admin.php?page=ilm:/white_book&action=edit_book
severity :1024
message :is_embed est appelée de la mauvaise manière. Les balises de requête conditionnelle ne fonctionnent pas avant le lancement de la requête. Avant cela, elles renvoient toujours le booléen <code>false</code>. Veuillez lire <a href="https://fr.wordpress.org/support/article/debugging-in-wordpress/">Débogage dans WordPress</a> (en) pour plus d’informations. (Ce message a été ajouté à la version 3.1.0.)
filename :/Volumes/Data/wwwroot/sites/8901.ilyeum_site/src/public/wp-includes/functions.php
line :5313
query_string :page=ilm:/white_book&action=edit_book

22-06-2021 13:35:39: /wp-admin/admin.php?page=ilm:/white_book&action=edit_book [igk_sys_g_handle_error] - /wp-admin/admin.php?page=ilm:/white_book&action=edit_book
severity :1024
message :is_search est appelée de la mauvaise manière. Les balises de requête conditionnelle ne fonctionnent pas avant le lancement de la requête. Avant cela, elles renvoient toujours le booléen <code>false</code>. Veuillez lire <a href="https://fr.wordpress.org/support/article/debugging-in-wordpress/">Débogage dans WordPress</a> (en) pour plus d’informations. (Ce message a été ajouté à la version 3.1.0.)
filename :/Volumes/Data/wwwroot/sites/8901.ilyeum_site/src/public/wp-includes/functions.php
line :5313
query_string :page=ilm:/white_book&action=edit_book

22-06-2021 13:35:39: /wp-admin/admin.php?page=ilm:/white_book&action=edit_book [igk_sys_shutdown_function] - Array(4):[
type:4
message:Unclosed '{' on line 503 does not match ')'
file:/Volumes/Data/Dev/companies/ILYEUM/WPPlugins/ILYEUM_WhiteBook/core/WhiteBooks/Admin/Manager.php
line:504
]
22-06-2021 13:35:51: /wp-admin/admin.php?page=ilm:/white_book&action=edit_book [igk_sys_g_handle_error] - /wp-admin/admin.php?page=ilm:/white_book&action=edit_book
severity :1024
message :is_embed est appelée de la mauvaise manière. Les balises de requête conditionnelle ne fonctionnent pas avant le lancement de la requête. Avant cela, elles renvoient toujours le booléen <code>false</code>. Veuillez lire <a href="https://fr.wordpress.org/support/article/debugging-in-wordpress/">Débogage dans WordPress</a> (en) pour plus d’informations. (Ce message a été ajouté à la version 3.1.0.)
filename :/Volumes/Data/wwwroot/sites/8901.ilyeum_site/src/public/wp-includes/functions.php
line :5313
query_string :page=ilm:/white_book&action=edit_book

22-06-2021 13:35:51: /wp-admin/admin.php?page=ilm:/white_book&action=edit_book [igk_sys_g_handle_error] - /wp-admin/admin.php?page=ilm:/white_book&action=edit_book
severity :1024
message :is_search est appelée de la mauvaise manière. Les balises de requête conditionnelle ne fonctionnent pas avant le lancement de la requête. Avant cela, elles renvoient toujours le booléen <code>false</code>. Veuillez lire <a href="https://fr.wordpress.org/support/article/debugging-in-wordpress/">Débogage dans WordPress</a> (en) pour plus d’informations. (Ce message a été ajouté à la version 3.1.0.)
filename :/Volumes/Data/wwwroot/sites/8901.ilyeum_site/src/public/wp-includes/functions.php
line :5313
query_string :page=ilm:/white_book&action=edit_book

22-06-2021 13:35:51: /wp-admin/admin.php?page=ilm:/white_book&action=edit_book [igk_sys_shutdown_function] - Array(4):[
type:4
message:syntax error, unexpected token ";"
file:/Volumes/Data/Dev/companies/ILYEUM/WPPlugins/ILYEUM_WhiteBook/core/WhiteBooks/Admin/Manager.php
line:522
]
22-06-2021 13:41:58: /wp-admin/admin-ajax.php [igk_sys_shutdown_function] - Array(4):[
type:4
message:syntax error, unexpected variable "$form"
file:/Volumes/Data/Dev/companies/ILYEUM/WPPlugins/ILYEUM_WhiteBook/core/WhiteBooks/Admin/Manager.php
line:538
]
22-06-2021 14:09:36: /wp-admin/admin.php?page=ilm%3A%2Fwhite_book&action=migrate [igk_sys_shutdown_function] - Array(4):[
type:1
message:Uncaught Error: Call to undefined method ILYEUM\WhiteBooks\Database\Migrates::die() in /Volumes/Data/Dev/companies/ILYEUM/WPPlugins/ILYEUM_WhiteBook/core/WhiteBooks/Admin/Manager.php:592
Stack trace:
#0 /Volumes/Data/Dev/companies/ILYEUM/WPPlugins/ILYEUM_WhiteBook/core/WhiteBooks/Admin/Manager.php(52): ILYEUM\WhiteBooks\Admin\Manager->action_migrate()
#1 /Volumes/Data/wwwroot/sites/8901.ilyeum_site/src/public/wp-includes/class-wp-hook.php(292): ILYEUM\WhiteBooks\Admin\Manager->ILYEUM\WhiteBooks\Admin\{closure}('')
#2 /Volumes/Data/wwwroot/sites/8901.ilyeum_site/src/public/wp-includes/class-wp-hook.php(316): WP_Hook->apply_filters(NULL, Array)
#3 /Volumes/Data/wwwroot/sites/8901.ilyeum_site/src/public/wp-includes/plugin.php(484): WP_Hook->do_action(Array)
#4 /Volumes/Data/wwwroot/sites/8901.ilyeum_site/src/public/wp-admin/admin.php(175): do_action('admin_init')
#5 {main}
  thrown
file:/Volumes/Data/Dev/companies/ILYEUM/WPPlugins/ILYEUM_WhiteBook/core/WhiteBooks/Admin/Manager.php
line:592
]
22-06-2021 14:09:54: /wp-admin/admin.php?page=ilm%3A%2Fwhite_book&action=migrate [igk_sys_shutdown_function] - Array(4):[
type:1
message:Uncaught Error: Call to undefined method ILYEUM\wp\database\driver::addColumn() in /Volumes/Data/Dev/companies/ILYEUM/WPPlugins/ILYEUM_WhiteBook/core/WhiteBooks/Database/Migrates.php:16
Stack trace:
#0 /Volumes/Data/Dev/companies/ILYEUM/WPPlugins/ILYEUM_WhiteBook/core/WhiteBooks/Admin/Manager.php(590): ILYEUM\WhiteBooks\Database\Migrates->run()
#1 /Volumes/Data/Dev/companies/ILYEUM/WPPlugins/ILYEUM_WhiteBook/core/WhiteBooks/Admin/Manager.php(52): ILYEUM\WhiteBooks\Admin\Manager->action_migrate()
#2 /Volumes/Data/wwwroot/sites/8901.ilyeum_site/src/public/wp-includes/class-wp-hook.php(292): ILYEUM\WhiteBooks\Admin\Manager->ILYEUM\WhiteBooks\Admin\{closure}('')
#3 /Volumes/Data/wwwroot/sites/8901.ilyeum_site/src/public/wp-includes/class-wp-hook.php(316): WP_Hook->apply_filters(NULL, Array)
#4 /Volumes/Data/wwwroot/sites/8901.ilyeum_site/src/public/wp-includes/plugin.php(484): WP_Hook->do_action(Array)
#5 /Volumes/Data/wwwroot/sites/8901.ilyeum_site/src/public/wp-admin/admin.php(175): do_action('admin_init')
#6 {main}
  thrown
file:/Volumes/Data/Dev/companies/ILYEUM/WPPlugins/ILYEUM_WhiteBook/core/WhiteBooks/Database/Migrates.php
line:16
]
22-06-2021 14:14:48: /wp-admin/admin.php?page=ilm%3A%2Fwhite_book&action=migrate [igk_sys_shutdown_function] - Array(4):[
type:1
message:Uncaught Error: Call to undefined method ILYEUM\wp\database\driver::addColumn() in /Volumes/Data/Dev/companies/ILYEUM/WPPlugins/ILYEUM_WhiteBook/core/WhiteBooks/Database/Migrates.php:16
Stack trace:
#0 /Volumes/Data/Dev/companies/ILYEUM/WPPlugins/ILYEUM_WhiteBook/core/WhiteBooks/Admin/Manager.php(590): ILYEUM\WhiteBooks\Database\Migrates->run()
#1 /Volumes/Data/Dev/companies/ILYEUM/WPPlugins/ILYEUM_WhiteBook/core/WhiteBooks/Admin/Manager.php(52): ILYEUM\WhiteBooks\Admin\Manager->action_migrate()
#2 /Volumes/Data/wwwroot/sites/8901.ilyeum_site/src/public/wp-includes/class-wp-hook.php(292): ILYEUM\WhiteBooks\Admin\Manager->ILYEUM\WhiteBooks\Admin\{closure}('')
#3 /Volumes/Data/wwwroot/sites/8901.ilyeum_site/src/public/wp-includes/class-wp-hook.php(316): WP_Hook->apply_filters(NULL, Array)
#4 /Volumes/Data/wwwroot/sites/8901.ilyeum_site/src/public/wp-includes/plugin.php(484): WP_Hook->do_action(Array)
#5 /Volumes/Data/wwwroot/sites/8901.ilyeum_site/src/public/wp-admin/admin.php(175): do_action('admin_init')
#6 {main}
  thrown
file:/Volumes/Data/Dev/companies/ILYEUM/WPPlugins/ILYEUM_WhiteBook/core/WhiteBooks/Database/Migrates.php
line:16
]
22-06-2021 14:15:55: /wp-admin/ [igk_sys_g_handle_error] - /wp-admin/
severity :1024
message :map_meta_cap est appelée de la mauvaise manière. Le type de publication shop_order n’est pas enregistré. Il n’est donc pas possible de vérifier de manière fiable que la permission « read_post » correspond à ce type de publication. Veuillez lire <a href="https://fr.wordpress.org/support/article/debugging-in-wordpress/">Débogage dans WordPress</a> (en) pour plus d’informations. (Ce message a été ajouté à la version 4.4.0.)
filename :/Volumes/Data/wwwroot/sites/8901.ilyeum_site/src/public/wp-includes/functions.php
line :5313
query_string :

22-06-2021 14:15:55: /wp-admin/ [igk_sys_g_handle_error] - /wp-admin/
severity :1024
message :map_meta_cap est appelée de la mauvaise manière. Le type de publication shop_order n’est pas enregistré. Il n’est donc pas possible de vérifier de manière fiable que la permission « read_post » correspond à ce type de publication. Veuillez lire <a href="https://fr.wordpress.org/support/article/debugging-in-wordpress/">Débogage dans WordPress</a> (en) pour plus d’informations. (Ce message a été ajouté à la version 4.4.0.)
filename :/Volumes/Data/wwwroot/sites/8901.ilyeum_site/src/public/wp-includes/functions.php
line :5313
query_string :

22-06-2021 14:15:55: /wp-admin/ [igk_sys_g_handle_error] - /wp-admin/
severity :1024
message :map_meta_cap est appelée de la mauvaise manière. Le type de publication product n’est pas enregistré. Il n’est donc pas possible de vérifier de manière fiable que la permission « read_post » correspond à ce type de publication. Veuillez lire <a href="https://fr.wordpress.org/support/article/debugging-in-wordpress/">Débogage dans WordPress</a> (en) pour plus d’informations. (Ce message a été ajouté à la version 4.4.0.)
filename :/Volumes/Data/wwwroot/sites/8901.ilyeum_site/src/public/wp-includes/functions.php
line :5313
query_string :

22-06-2021 14:15:55: /wp-admin/ [igk_sys_g_handle_error] - /wp-admin/
severity :1024
message :map_meta_cap est appelée de la mauvaise manière. Le type de publication product n’est pas enregistré. Il n’est donc pas possible de vérifier de manière fiable que la permission « read_post » correspond à ce type de publication. Veuillez lire <a href="https://fr.wordpress.org/support/article/debugging-in-wordpress/">Débogage dans WordPress</a> (en) pour plus d’informations. (Ce message a été ajouté à la version 4.4.0.)
filename :/Volumes/Data/wwwroot/sites/8901.ilyeum_site/src/public/wp-includes/functions.php
line :5313
query_string :

22-06-2021 14:15:55: /wp-admin/ [igk_sys_g_handle_error] - /wp-admin/
severity :1024
message :map_meta_cap est appelée de la mauvaise manière. Le type de publication product n’est pas enregistré. Il n’est donc pas possible de vérifier de manière fiable que la permission « read_post » correspond à ce type de publication. Veuillez lire <a href="https://fr.wordpress.org/support/article/debugging-in-wordpress/">Débogage dans WordPress</a> (en) pour plus d’informations. (Ce message a été ajouté à la version 4.4.0.)
filename :/Volumes/Data/wwwroot/sites/8901.ilyeum_site/src/public/wp-includes/functions.php
line :5313
query_string :

22-06-2021 14:15:55: /wp-admin/ [igk_sys_g_handle_error] - /wp-admin/
severity :1024
message :map_meta_cap est appelée de la mauvaise manière. Le type de publication shop_order n’est pas enregistré. Il n’est donc pas possible de vérifier de manière fiable que la permission « edit_post » correspond à ce type de publication. Veuillez lire <a href="https://fr.wordpress.org/support/article/debugging-in-wordpress/">Débogage dans WordPress</a> (en) pour plus d’informations. (Ce message a été ajouté à la version 4.4.0.)
filename :/Volumes/Data/wwwroot/sites/8901.ilyeum_site/src/public/wp-includes/functions.php
line :5313
query_string :

22-06-2021 14:15:55: /wp-admin/ [igk_sys_g_handle_error] - /wp-admin/
severity :1024
message :map_meta_cap est appelée de la mauvaise manière. Le type de publication shop_order n’est pas enregistré. Il n’est donc pas possible de vérifier de manière fiable que la permission « edit_post » correspond à ce type de publication. Veuillez lire <a href="https://fr.wordpress.org/support/article/debugging-in-wordpress/">Débogage dans WordPress</a> (en) pour plus d’informations. (Ce message a été ajouté à la version 4.4.0.)
filename :/Volumes/Data/wwwroot/sites/8901.ilyeum_site/src/public/wp-includes/functions.php
line :5313
query_string :

22-06-2021 14:15:55: /wp-admin/ [igk_sys_g_handle_error] - /wp-admin/
severity :1024
message :map_meta_cap est appelée de la mauvaise manière. Le type de publication product n’est pas enregistré. Il n’est donc pas possible de vérifier de manière fiable que la permission « edit_post » correspond à ce type de publication. Veuillez lire <a href="https://fr.wordpress.org/support/article/debugging-in-wordpress/">Débogage dans WordPress</a> (en) pour plus d’informations. (Ce message a été ajouté à la version 4.4.0.)
filename :/Volumes/Data/wwwroot/sites/8901.ilyeum_site/src/public/wp-includes/functions.php
line :5313
query_string :

22-06-2021 14:15:55: /wp-admin/ [igk_sys_g_handle_error] - /wp-admin/
severity :1024
message :map_meta_cap est appelée de la mauvaise manière. Le type de publication product n’est pas enregistré. Il n’est donc pas possible de vérifier de manière fiable que la permission « edit_post » correspond à ce type de publication. Veuillez lire <a href="https://fr.wordpress.org/support/article/debugging-in-wordpress/">Débogage dans WordPress</a> (en) pour plus d’informations. (Ce message a été ajouté à la version 4.4.0.)
filename :/Volumes/Data/wwwroot/sites/8901.ilyeum_site/src/public/wp-includes/functions.php
line :5313
query_string :

22-06-2021 14:15:55: /wp-admin/ [igk_sys_g_handle_error] - /wp-admin/
severity :1024
message :map_meta_cap est appelée de la mauvaise manière. Le type de publication product n’est pas enregistré. Il n’est donc pas possible de vérifier de manière fiable que la permission « edit_post » correspond à ce type de publication. Veuillez lire <a href="https://fr.wordpress.org/support/article/debugging-in-wordpress/">Débogage dans WordPress</a> (en) pour plus d’informations. (Ce message a été ajouté à la version 4.4.0.)
filename :/Volumes/Data/wwwroot/sites/8901.ilyeum_site/src/public/wp-includes/functions.php
line :5313
query_string :

